Starting audit...
[ERROR] /Users/tarunj/6079_ADS1/ADS-1-assignment/m21/22.1 Ransom Note/SequentialSearchST.java:39:9: Redundant 'public' modifier. [RedundantModifier]
[ERROR] /Users/tarunj/6079_ADS1/ADS-1-assignment/m21/22.1 Ransom Note/SequentialSearchST.java:39:21: Parameter key should be final. [FinalParameters]
[ERROR] /Users/tarunj/6079_ADS1/ADS-1-assignment/m21/22.1 Ransom Note/SequentialSearchST.java:39:25: 'key' hides a field. [HiddenField]
[ERROR] /Users/tarunj/6079_ADS1/ADS-1-assignment/m21/22.1 Ransom Note/SequentialSearchST.java:39:30: Parameter val should be final. [FinalParameters]
[ERROR] /Users/tarunj/6079_ADS1/ADS-1-assignment/m21/22.1 Ransom Note/SequentialSearchST.java:39:36: 'val' hides a field. [HiddenField]
[ERROR] /Users/tarunj/6079_ADS1/ADS-1-assignment/m21/22.1 Ransom Note/SequentialSearchST.java:39:41: Parameter next should be final. [FinalParameters]
[ERROR] /Users/tarunj/6079_ADS1/ADS-1-assignment/m21/22.1 Ransom Note/SequentialSearchST.java:39:46: 'next' hides a field. [HiddenField]
[ERROR] /Users/tarunj/6079_ADS1/ADS-1-assignment/m21/22.1 Ransom Note/SequentialSearchST.java:75:29: Parameter key should be final. [FinalParameters]
[ERROR] /Users/tarunj/6079_ADS1/ADS-1-assignment/m21/22.1 Ransom Note/SequentialSearchST.java:76: 'if' construct must use '{}'s. [NeedBraces]
[ERROR] /Users/tarunj/6079_ADS1/ADS-1-assignment/m21/22.1 Ransom Note/SequentialSearchST.java:90:22: Parameter key should be final. [FinalParameters]
[ERROR] /Users/tarunj/6079_ADS1/ADS-1-assignment/m21/22.1 Ransom Note/SequentialSearchST.java:91: 'if' construct must use '{}'s. [NeedBraces]
[ERROR] /Users/tarunj/6079_ADS1/ADS-1-assignment/m21/22.1 Ransom Note/SequentialSearchST.java:91: Line has trailing spaces. [RegexpSingleline]
[ERROR] /Users/tarunj/6079_ADS1/ADS-1-assignment/m21/22.1 Ransom Note/SequentialSearchST.java:94: 'if' construct must use '{}'s. [NeedBraces]
[ERROR] /Users/tarunj/6079_ADS1/ADS-1-assignment/m21/22.1 Ransom Note/SequentialSearchST.java:113:21: Parameter key should be final. [FinalParameters]
[ERROR] /Users/tarunj/6079_ADS1/ADS-1-assignment/m21/22.1 Ransom Note/SequentialSearchST.java:113:30: Parameter val should be final. [FinalParameters]
[ERROR] /Users/tarunj/6079_ADS1/ADS-1-assignment/m21/22.1 Ransom Note/SequentialSearchST.java:114: 'if' construct must use '{}'s. [NeedBraces]
[ERROR] /Users/tarunj/6079_ADS1/ADS-1-assignment/m21/22.1 Ransom Note/SequentialSearchST.java:138:24: Parameter key should be final. [FinalParameters]
[ERROR] /Users/tarunj/6079_ADS1/ADS-1-assignment/m21/22.1 Ransom Note/SequentialSearchST.java:139: 'if' construct must use '{}'s. [NeedBraces]
[ERROR] /Users/tarunj/6079_ADS1/ADS-1-assignment/m21/22.1 Ransom Note/SequentialSearchST.java:148: Expected @return tag. [JavadocMethod]
[ERROR] /Users/tarunj/6079_ADS1/ADS-1-assignment/m21/22.1 Ransom Note/SequentialSearchST.java:148:25: Parameter x should be final. [FinalParameters]
[ERROR] /Users/tarunj/6079_ADS1/ADS-1-assignment/m21/22.1 Ransom Note/SequentialSearchST.java:148:30: Expected @param tag for 'x'. [JavadocMethod]
[ERROR] /Users/tarunj/6079_ADS1/ADS-1-assignment/m21/22.1 Ransom Note/SequentialSearchST.java:148:33: Parameter key should be final. [FinalParameters]
[ERROR] /Users/tarunj/6079_ADS1/ADS-1-assignment/m21/22.1 Ransom Note/SequentialSearchST.java:148:37: Expected @param tag for 'key'. [JavadocMethod]
[ERROR] /Users/tarunj/6079_ADS1/ADS-1-assignment/m21/22.1 Ransom Note/SequentialSearchST.java:149: 'if' construct must use '{}'s. [NeedBraces]
Audit done.
Checkstyle ends with 24 errors.
